          SimpleUser.json:(Json String to JavaBean,10*10000)          
--------------------------------------------------------------------------------
No.               JSONLIB       FASTJSON           GSON        JACKSON
--------------------------------------------------------------------------------
1                   1,671            279            198            251
2                   1,698            308            168            220
3                   1,485            264            170            213
4                   1,535            280            193            221
5                   1,536            253            169            219
6                   1,521            276            171            225
7                   1,540            286            174            252
8                   2,203            363            243            252
9                   2,212            302            209            244
10                  1,732            285            192            255
--------------------------------------------------------------------------------
Avg                 1,713          289.6          188.7          235.2
--------------------------------------------------------------------------------


          SimpleUser.json:(JavaBean to Json String,10*10000)          
--------------------------------------------------------------------------------
No.               JSONLIB       FASTJSON           GSON        JACKSON
--------------------------------------------------------------------------------
1                     642            111            159            139
2                     542             80            128             99
3                     474            136            117            100
4                     444            122            128            123
5                     499            112            144            132
6                     482             95            141            118
7                     459            101            136            138
8                     641            118            136            120
9                     632            153            147            133
10                    494            116            184             98
--------------------------------------------------------------------------------
Avg                 530.9          114.4            142            120
--------------------------------------------------------------------------------


        GroupUserBean.json:(Json String to JavaBean,10*10000)        
--------------------------------------------------------------------------------
No.               JSONLIB       FASTJSON           GSON        JACKSON
--------------------------------------------------------------------------------
1                  15,307            576            394            514
2                  15,332            580            422            477
3                  15,771            636            437            523
4                  15,575            620            425            499
5                  15,492            781            385            533
6                  16,258            624            420            563
7                  16,028            674            425            549
8                  17,327            633            417            581
9                  16,386            682            414            541
10                 16,975            654            458            558
--------------------------------------------------------------------------------
Avg                16,045            646          419.7          533.8
--------------------------------------------------------------------------------


        GroupUserBean.json:(JavaBean to Json String,10*10000)        
--------------------------------------------------------------------------------
No.               JSONLIB       FASTJSON           GSON        JACKSON
--------------------------------------------------------------------------------
1                   3,917            219            638            243
2                   5,044            252            784            260
3                   5,043            239            677            255
4                   5,143            235            720            274
5                   5,254            241            754            266
6                   5,019            279            844            278
7                   4,240            242            800            275
8                   5,372            247            690            282
9                   5,369            278            792            279
10                  3,841            248            735            279
--------------------------------------------------------------------------------
Avg                 4,824            248          743.4          269.1
--------------------------------------------------------------------------------


