         SimpleUser.json:(Json String to JavaBean,10*100000)         
--------------------------------------------------------------------------------
No.               JSONLIB       FASTJSON           GSON        JACKSON
--------------------------------------------------------------------------------
1                   10125            714            434            491
2                   10103            788            485            506
3                   10551            897            475            482
4                   13802            793            559            613
5                   11293            808            537            558
6                   10143            792            498            605
7                   11939            767            473            677
8                   13938            779            614            537
9                   11646            756            553            571
10                  12506            684            585            543
--------------------------------------------------------------------------------
Avg               11604.6          777.8          521.3          558.3
--------------------------------------------------------------------------------


         SimpleUser.json:(JavaBean to Json String,10*100000)         
--------------------------------------------------------------------------------
No.               JSONLIB       FASTJSON           GSON        JACKSON
--------------------------------------------------------------------------------
1                    2471            228            565            358
2                    2518            264            560            358
3                    2360            240            540            377
4                    3093            328            615            481
5                    2368            274            598            405
6                    1931            273            691            418
7                    2764            280            628            460
8                    3201            313            768            376
9                    2641            249            661            419
10                   2291            244            576            359
--------------------------------------------------------------------------------
Avg                2563.8          269.3          620.2          401.1
--------------------------------------------------------------------------------


