         SimpleUser.json:(Json String to JavaBean,10*100000)         
--------------------------------------------------------------------------------
No.               JSONLIB       FASTJSON           GSON        JACKSON
--------------------------------------------------------------------------------
1                  11,235            670            496            492
2                  10,118            638            487            533
3                  10,673            661            482            522
4                  10,771            523            487            522
5                  10,367            528            432            525
6                  10,213            666            441            522
7                  13,093            640            498            536
8                  13,182            557            491            505
9                  10,210            561            478            499
10                 10,918            548            521            499
--------------------------------------------------------------------------------
Avg                11,078          599.2          481.3          515.5
--------------------------------------------------------------------------------


         SimpleUser.json:(JavaBean to Json String,10*100000)         
--------------------------------------------------------------------------------
No.               JSONLIB       FASTJSON           GSON        JACKSON
--------------------------------------------------------------------------------
1                   2,393            230            587            332
2                   2,060            212            585            318
3                   1,967            222            549            325
4                   1,938            222            532            343
5                   2,385            225            581            356
6                   2,470            215            577            345
7                   2,876            213            640            322
8                   2,555            222            582            317
9                   2,314            229            575            354
10                  2,277            227            559            313
--------------------------------------------------------------------------------
Avg                 2,323          221.7          576.7          332.5
--------------------------------------------------------------------------------


        GroupUserBean.json:(Json String to JavaBean,10*100000)        
--------------------------------------------------------------------------------
No.               JSONLIB       FASTJSON           GSON        JACKSON
--------------------------------------------------------------------------------
1                  76,934          2,333          1,587          1,501
2                  81,980          2,261          1,630          1,525
3                  81,848          2,292          1,618          1,534
4                  77,927          2,151          1,583          1,471
5                  77,643          2,291          1,557          1,515
6                  75,829          2,172          1,591          1,479
7                  79,420          2,204          1,550          1,519
8                  81,589          2,192          1,584          1,476
9                  82,639          2,219          1,631          4,117
10                 62,716          2,141          1,607          1,481
--------------------------------------------------------------------------------
Avg                77,852          2,225          1,593          1,761
--------------------------------------------------------------------------------


        GroupUserBean.json:(JavaBean to Json String,10*100000)        
--------------------------------------------------------------------------------
No.               JSONLIB       FASTJSON           GSON        JACKSON
--------------------------------------------------------------------------------
1                  16,882            669          2,282            828
2                  16,543            739          2,234            903
3                  18,136            691          2,288            863
4                  16,080            695          2,265            860
5                  16,162            691          2,302            845
6                  15,414            680          2,338            828
7                  16,458            661          2,284            927
8                  16,721            685          2,284            909
9                  16,226            683          2,290            829
10                 16,447            680          2,334            842
--------------------------------------------------------------------------------
Avg                16,506          687.4          2,290          863.4
--------------------------------------------------------------------------------


