          SimpleUser.json:(Json String to JavaBean,10*1000)          
--------------------------------------------------------------------------------
No.               JSONLIB       FASTJSON           GSON        JACKSON
--------------------------------------------------------------------------------
1                     424            114             87            127
2                     423            135             84            101
3                     415            126             79             86
4                     449            137             93             89
5                     446            121             80             90
6                     487            131             87             85
7                     435            128             80             89
8                     424            128             86             85
9                     435            121             86             91
10                    421            114             90             88
--------------------------------------------------------------------------------
Avg                 435.9          125.5           85.2           93.1
--------------------------------------------------------------------------------


          SimpleUser.json:(JavaBean to Json String,10*1000)          
--------------------------------------------------------------------------------
No.               JSONLIB       FASTJSON           GSON        JACKSON
--------------------------------------------------------------------------------
1                     104             31             55             58
2                      90             22             60             58
3                      92             35             58             60
4                      91             26             58             51
5                     105             32             57             50
6                     114             30             54             48
7                      97             25             50             59
8                     108             29             61             51
9                     109             31             43             92
10                     96             30             59             75
--------------------------------------------------------------------------------
Avg                 100.6           29.1           55.5           60.2
--------------------------------------------------------------------------------


         GroupUserBean.json:(Json String to JavaBean,10*1000)         
--------------------------------------------------------------------------------
No.               JSONLIB       FASTJSON           GSON        JACKSON
--------------------------------------------------------------------------------
1                   3,906            264            125            185
2                   4,031            257            119            187
3                   3,761            310            127            199
4                   3,676            280            150            198
5                   4,285            281            139            198
6                   4,420            274            176            195
7                   4,208            404            136            257
8                   4,755            300            144            232
9                   4,453            299            138            213
10                  4,255            280            144            201
--------------------------------------------------------------------------------
Avg                 4,175          294.9          139.8          206.5
--------------------------------------------------------------------------------


         GroupUserBean.json:(JavaBean to Json String,10*1000)         
--------------------------------------------------------------------------------
No.               JSONLIB       FASTJSON           GSON        JACKSON
--------------------------------------------------------------------------------
1                   1,121             77            127            108
2                   1,120             73            139             85
3                   1,111             67            133             92
4                   1,156             78            126            109
5                   1,273             76            127            103
6                   1,164             75            178            108
7                   1,394             86            159             97
8                   1,316             83            146            108
9                   1,255             79            149            100
10                  1,237             77            143            106
--------------------------------------------------------------------------------
Avg                 1,214           77.1          142.7          101.6
--------------------------------------------------------------------------------


