          SimpleUser.json:(Json String to JavaBean,10*10000)          
--------------------------------------------------------------------------------
No.               JSONLIB       FASTJSON           GSON        JACKSON
--------------------------------------------------------------------------------
1                   1,719            379            201            216
2                   1,762            402            203            213
3                   1,719            388            169            219
4                   1,681            375            194            218
5                   1,667            397            169            229
6                   1,722            407            171            218
7                   1,791            403            177            240
8                   1,667            369            174            225
9                   1,647            388            194            230
10                  1,715            404            170            212
--------------------------------------------------------------------------------
Avg                 1,709          391.2          182.2            222
--------------------------------------------------------------------------------


          SimpleUser.json:(JavaBean to Json String,10*10000)          
--------------------------------------------------------------------------------
No.               JSONLIB       FASTJSON           GSON        JACKSON
--------------------------------------------------------------------------------
1                     443            179            127            156
2                     449            142            137            150
3                     456            135            125            169
4                     452            147            126            178
5                     446            163            139            181
6                     501            123            138            178
7                     458            135            127            181
8                     465            183            152            152
9                     448            157            150            157
10                    501            137            140            166
--------------------------------------------------------------------------------
Avg                 461.9          150.1          136.1          166.8
--------------------------------------------------------------------------------


          SimpleUser.json:(Json String to JavaBean,10*10000)          
--------------------------------------------------------------------------------
No.               JSONLIB       FASTJSON           GSON        JACKSON
--------------------------------------------------------------------------------
1                  14,359            714            385            473
2                  13,364            775            402            475
3                   14,13            838            427            458
4                  13,762            779            361            458
5                  14,418            697            362            487
6                  13,829            718            403            446
7                  14,264            705            412            473
8                  13,486            811            386            443
9                  13,254            834            404            489
10                 13,746            715            383            454
--------------------------------------------------------------------------------
Avg                13,849          758.6          392.5          465.6
--------------------------------------------------------------------------------


          SimpleUser.json:(JavaBean to Json String,10*10000)          
--------------------------------------------------------------------------------
No.               JSONLIB       FASTJSON           GSON        JACKSON
--------------------------------------------------------------------------------
1                   4,806            258            563            292
2                   4,485            257            599            294
3                   4,757            266            631            286
4                   3,786            240            754            272
5                   4,746            256            592            282
6                   3,719            230            618            295
7                   4,678            239            631            273
8                   4,623            244            600            265
9                   4,603            250            563            269
10                  4,317            260            622            286
--------------------------------------------------------------------------------
Avg                 4,452            250          617.3          281.4
--------------------------------------------------------------------------------


