         SimpleUser.json:(Json String to JavaBean,10*100000)         
--------------------------------------------------------------------------------
No.               JSONLIB       FASTJSON           GSON        JACKSON
--------------------------------------------------------------------------------
1                   92164           2691           1785           1631
2                   88474           2652           1927           1784
3                   90634           2978           1838           1888
4                   88381           2641           1797           1787
5                   94425           2854           1846           1777
6                   93981           2673           1742           1654
7                   75296           2712           1761           1680
8                   91274           2619           1764           1630
9                   91446           2778           1817           1674
10                  91579           2780           1810           1718
--------------------------------------------------------------------------------
Avg               89765.4         2737.8         1808.7         1722.3
--------------------------------------------------------------------------------


         SimpleUser.json:(JavaBean to Json String,10*100000)         
--------------------------------------------------------------------------------
No.               JSONLIB       FASTJSON           GSON        JACKSON
--------------------------------------------------------------------------------
1                   18411            873           2449            966
2                   18200            806           2379           1025
3                   20488            796           2460           1036
4                   19450            814           2493            986
5                   18536            798           2520           1102
6                   17573            847           2684           1130
7                   17959            792           2623           1026
8                   19538            865           2615           1020
9                   21245            941           2618           1103
10                  18166            822           2592            988
--------------------------------------------------------------------------------
Avg               18956.6          835.4         2543.3         1038.2
--------------------------------------------------------------------------------


